This file contains any messages produced by compilers while
running configure, to aid debugging if configure makes a mistake.

It was created by "cumulus" configure 0.1, which was
generated by GNU Autoconf 2.69.  Invocation command line was

  $ ./configure --prefix=/Users/ismaelcuadradocordero/Desktop/nimbus/cumulus --with-ve=/Users/ismaelcuadradocordero/Desktop/nimbus/ve

## --------- ##
## Platform. ##
## --------- ##

hostname = anlextwls003-023.wl.anl-external.org
uname -m = x86_64
uname -r = 13.3.0
uname -s = Darwin
uname -v = Darwin Kernel Version 13.3.0: Tue Jun  3 21:27:35 PDT 2014; root:xnu-2422.110.17~1/RELEASE_X86_64

/usr/bin/uname -p = i386
/bin/uname -X     = unknown

/bin/arch              = unknown
/usr/bin/arch -k       = unknown
/usr/convex/getsysinfo = unknown
/usr/bin/hostinfo      = Mach kernel version:
	 Darwin Kernel Version 13.3.0: Tue Jun  3 21:27:35 PDT 2014; root:xnu-2422.110.17~1/RELEASE_X86_64
Kernel configured for up to 8 processors.
4 processors are physically available.
8 processors are logically available.
Processor type: i486 (Intel 80486)
Processors active: 0 1 2 3 4 5 6 7
Primary memory available: 8.00 gigabytes
Default processor set: 203 tasks, 1112 threads, 8 processors
Load average: 3.14, Mach factor: 4.85
/bin/machine           = unknown
/usr/bin/oslevel       = unknown
/bin/universe          = unknown

PATH: /Users/ismaelcuadradocordero/Desktop/nimbus/ve/bin
PATH: /sw/bin
PATH: /sw/sbin
PATH: /opt/local/bin
PATH: /opt/local/sbin
PATH: /opt/local/bin
PATH: /opt/local/sbin
PATH: /usr/bin
PATH: /bin
PATH: /usr/sbin
PATH: /sbin
PATH: /usr/local/bin
PATH: /opt/X11/bin
PATH: /usr/local/git/bin
PATH: /usr/texbin


## ----------- ##
## Core tests. ##
## ----------- ##

configure:2070: checking for a BSD-compatible install
configure:2138: result: /opt/local/bin/ginstall -c
configure:2149: checking whether build environment is sane
configure:2199: result: yes
configure:2340: checking for a thread-safe mkdir -p
configure:2379: result: /opt/local/bin/gmkdir -p
configure:2392: checking for gawk
configure:2422: result: no
configure:2392: checking for mawk
configure:2422: result: no
configure:2392: checking for nawk
configure:2422: result: no
configure:2392: checking for awk
configure:2408: found /usr/bin/awk
configure:2419: result: awk
configure:2430: checking whether make sets $(MAKE)
configure:2452: result: yes
configure:2545: checking for style of include used by make
configure:2573: result: GNU
configure:2643: checking for gcc
configure:2659: found /usr/bin/gcc
configure:2670: result: gcc
configure:2899: checking for C compiler version
configure:2908: gcc --version >&5
Apple LLVM version 5.1 (clang-503.0.40) (based on LLVM 3.4svn)
Target: x86_64-apple-darwin13.3.0
Thread model: posix
Configured with: --prefix=/Applications/Xcode.app/Contents/Developer/usr --with-gxx-include-dir=/usr/include/c++/4.2.1
configure:2919: $? = 0
configure:2908: gcc -v >&5
Configured with: --prefix=/Applications/Xcode.app/Contents/Developer/usr --with-gxx-include-dir=/usr/include/c++/4.2.1
Apple LLVM version 5.1 (clang-503.0.40) (based on LLVM 3.4svn)
Target: x86_64-apple-darwin13.3.0
Thread model: posix
configure:2919: $? = 0
configure:2908: gcc -V >&5
clang: error: argument to '-V' is missing (expected 1 value)
clang: error: no input files
configure:2919: $? = 1
configure:2908: gcc -qversion >&5
clang: error: unknown argument: '-qversion' [-Wunused-command-line-argument-hard-error-in-future]
clang: note: this will be a hard error (cannot be downgraded to a warning) in the future
clang: error: no input files
configure:2919: $? = 1
configure:2939: checking whether the C compiler works
configure:2961: gcc    conftest.c  >&5
configure:2965: $? = 0
configure:3013: result: yes
configure:3016: checking for C compiler default output file name
configure:3018: result: a.out
configure:3024: checking for suffix of executables
configure:3031: gcc -o conftest    conftest.c  >&5
configure:3035: $? = 0
configure:3057: result: 
configure:3079: checking whether we are cross compiling
configure:3087: gcc -o conftest    conftest.c  >&5
configure:3091: $? = 0
configure:3098: ./conftest
configure:3102: $? = 0
configure:3117: result: no
configure:3122: checking for suffix of object files
configure:3144: gcc -c   conftest.c >&5
configure:3148: $? = 0
configure:3169: result: o
configure:3173: checking whether we are using the GNU C compiler
configure:3192: gcc -c   conftest.c >&5
configure:3192: $? = 0
configure:3201: result: yes
configure:3210: checking whether gcc accepts -g
configure:3230: gcc -c -g  conftest.c >&5
configure:3230: $? = 0
configure:3271: result: yes
configure:3288: checking for gcc option to accept ISO C89
configure:3351: gcc  -c -g -O2  conftest.c >&5
configure:3351: $? = 0
configure:3364: result: none needed
configure:3386: checking dependency style of gcc
configure:3496: result: none
configure:3517: checking how to run the C preprocessor
configure:3548: gcc -E  conftest.c
configure:3548: $? = 0
configure:3562: gcc -E  conftest.c
conftest.c:11:10: fatal error: 'ac_nonexistent.h' file not found
#include <ac_nonexistent.h>
         ^
1 error generated.
configure:3562: $? = 1
configure: failed program was:
| /* confdefs.h */
| #define PACKAGE_NAME ""cumulus""
| #define PACKAGE_TARNAME "-cumulus-"
| #define PACKAGE_VERSION "0.1"
| #define PACKAGE_STRING ""cumulus" 0.1"
| #define PACKAGE_BUGREPORT ""
| #define PACKAGE_URL ""
| #define PACKAGE "-cumulus-"
| #define VERSION "0.1"
| /* end confdefs.h.  */
| #include <ac_nonexistent.h>
configure:3587: result: gcc -E
configure:3607: gcc -E  conftest.c
configure:3607: $? = 0
configure:3621: gcc -E  conftest.c
conftest.c:11:10: fatal error: 'ac_nonexistent.h' file not found
#include <ac_nonexistent.h>
         ^
1 error generated.
configure:3621: $? = 1
configure: failed program was:
| /* confdefs.h */
| #define PACKAGE_NAME ""cumulus""
| #define PACKAGE_TARNAME "-cumulus-"
| #define PACKAGE_VERSION "0.1"
| #define PACKAGE_STRING ""cumulus" 0.1"
| #define PACKAGE_BUGREPORT ""
| #define PACKAGE_URL ""
| #define PACKAGE "-cumulus-"
| #define VERSION "0.1"
| /* end confdefs.h.  */
| #include <ac_nonexistent.h>
configure:3650: checking for grep that handles long lines and -e
configure:3708: result: /usr/bin/grep
configure:3713: checking for egrep
configure:3775: result: /usr/bin/grep -E
configure:3780: checking for ANSI C header files
configure:3800: gcc -c -g -O2  conftest.c >&5
configure:3800: $? = 0
configure:3873: gcc -o conftest -g -O2   conftest.c  >&5
configure:3873: $? = 0
configure:3873: ./conftest
configure:3873: $? = 0
configure:3884: result: yes
configure:3897: checking for sys/types.h
configure:3897: gcc -c -g -O2  conftest.c >&5
configure:3897: $? = 0
configure:3897: result: yes
configure:3897: checking for sys/stat.h
configure:3897: gcc -c -g -O2  conftest.c >&5
configure:3897: $? = 0
configure:3897: result: yes
configure:3897: checking for stdlib.h
configure:3897: gcc -c -g -O2  conftest.c >&5
configure:3897: $? = 0
configure:3897: result: yes
configure:3897: checking for string.h
configure:3897: gcc -c -g -O2  conftest.c >&5
configure:3897: $? = 0
configure:3897: result: yes
configure:3897: checking for memory.h
configure:3897: gcc -c -g -O2  conftest.c >&5
configure:3897: $? = 0
configure:3897: result: yes
configure:3897: checking for strings.h
configure:3897: gcc -c -g -O2  conftest.c >&5
configure:3897: $? = 0
configure:3897: result: yes
configure:3897: checking for inttypes.h
configure:3897: gcc -c -g -O2  conftest.c >&5
configure:3897: $? = 0
configure:3897: result: yes
configure:3897: checking for stdint.h
configure:3897: gcc -c -g -O2  conftest.c >&5
configure:3897: $? = 0
configure:3897: result: yes
configure:3897: checking for unistd.h
configure:3897: gcc -c -g -O2  conftest.c >&5
configure:3897: $? = 0
configure:3897: result: yes
configure:3911: checking openssl/ssl.h usability
configure:3911: gcc -c -g -O2  conftest.c >&5
configure:3911: $? = 0
configure:3911: result: yes
configure:3911: checking openssl/ssl.h presence
configure:3911: gcc -E  conftest.c
configure:3911: $? = 0
configure:3911: result: yes
configure:3911: checking for openssl/ssl.h
configure:3911: result: yes
configure:3926: checking for sqlite3
configure:3944: found /usr/bin/sqlite3
configure:3957: result: /usr/bin/sqlite3
configure:4162: creating ./config.status

## ---------------------- ##
## Running config.status. ##
## ---------------------- ##

This file was extended by cumulus config.status 0.1, which was
generated by GNU Autoconf 2.69.  Invocation command line was

  CONFIG_FILES    = 
  CONFIG_HEADERS  = 
  CONFIG_LINKS    = 
  CONFIG_COMMANDS = 
  $ ./config.status 

on anlextwls003-023.wl.anl-external.org

config.status:781: creating Makefile
config.status:781: creating etc/cumulus.ini
config.status:781: creating etc/cumulus_tests.ini
config.status:781: creating etc/cumulus_tests_https.ini
config.status:781: creating etc/env.sh
config.status:953: executing depfiles commands

## ---------------- ##
## Cache variables. ##
## ---------------- ##

ac_cv_c_compiler_gnu=yes
ac_cv_env_CC_set=
ac_cv_env_CC_value=
ac_cv_env_CFLAGS_set=
ac_cv_env_CFLAGS_value=
ac_cv_env_CPPFLAGS_set=
ac_cv_env_CPPFLAGS_value=
ac_cv_env_CPP_set=
ac_cv_env_CPP_value=
ac_cv_env_LDFLAGS_set=
ac_cv_env_LDFLAGS_value=
ac_cv_env_LIBS_set=
ac_cv_env_LIBS_value=
ac_cv_env_build_alias_set=
ac_cv_env_build_alias_value=
ac_cv_env_host_alias_set=
ac_cv_env_host_alias_value=
ac_cv_env_target_alias_set=
ac_cv_env_target_alias_value=
ac_cv_header_inttypes_h=yes
ac_cv_header_memory_h=yes
ac_cv_header_openssl_ssl_h=yes
ac_cv_header_stdc=yes
ac_cv_header_stdint_h=yes
ac_cv_header_stdlib_h=yes
ac_cv_header_string_h=yes
ac_cv_header_strings_h=yes
ac_cv_header_sys_stat_h=yes
ac_cv_header_sys_types_h=yes
ac_cv_header_unistd_h=yes
ac_cv_objext=o
ac_cv_path_EGREP='/usr/bin/grep -E'
ac_cv_path_GREP=/usr/bin/grep
ac_cv_path_INTLTOOL_PERL=/usr/bin/perl
ac_cv_path_SQLITE=/usr/bin/sqlite3
ac_cv_path_install='/opt/local/bin/ginstall -c'
ac_cv_path_mkdir=/opt/local/bin/gmkdir
ac_cv_prog_AWK=awk
ac_cv_prog_CPP='gcc -E'
ac_cv_prog_ac_ct_CC=gcc
ac_cv_prog_cc_c89=
ac_cv_prog_cc_g=yes
ac_cv_prog_make_make_set=yes
am_cv_CC_dependencies_compiler_type=none

## ----------------- ##
## Output variables. ##
## ----------------- ##

ACLOCAL='${SHELL} /nimbus/cumulus/conf/missing --run aclocal-1.11'
AMDEPBACKSLASH='\'
AMDEP_FALSE='#'
AMDEP_TRUE=''
AMTAR='${SHELL} /nimbus/cumulus/conf/missing --run tar'
AUTHZDB='/Users/ismaelcuadradocordero/Desktop/nimbus/cumulus/etc/authz.db'
AUTOCONF='${SHELL} /nimbus/cumulus/conf/missing --run autoconf'
AUTOHEADER='${SHELL} /nimbus/cumulus/conf/missing --run autoheader'
AUTOMAKE='${SHELL} /nimbus/cumulus/conf/missing --run automake-1.11'
AWK='awk'
CC='gcc'
CCDEPMODE='depmode=none'
CFLAGS='-g -O2'
CPP='gcc -E'
CPPFLAGS=''
CYGPATH_W='echo'
DEFS='-DPACKAGE_NAME=\"\"cumulus\"\" -DPACKAGE_TARNAME=\"-cumulus-\" -DPACKAGE_VERSION=\"0.1\" -DPACKAGE_STRING=\"\"cumulus\"\ 0.1\" -DPACKAGE_BUGREPORT=\"\" -DPACKAGE_URL=\"\" -DPACKAGE=\"-cumulus-\" -DVERSION=\"0.1\" -DSTDC_HEADERS=1 -DHAVE_SYS_TYPES_H=1 -DHAVE_SYS_STAT_H=1 -DHAVE_STDLIB_H=1 -DHAVE_STRING_H=1 -DHAVE_MEMORY_H=1 -DHAVE_STRINGS_H=1 -DHAVE_INTTYPES_H=1 -DHAVE_STDINT_H=1 -DHAVE_UNISTD_H=1 -DHAVE_OPENSSL_SSL_H=1'
DEPDIR='.deps'
ECHO_C='\c'
ECHO_N=''
ECHO_T=''
EGREP='/usr/bin/grep -E'
EXEEXT=''
GREP='/usr/bin/grep'
HOSTNAME='anlextwls003-023.wl.anl-external.org'
INSTALLDIR='/Users/ismaelcuadradocordero/Desktop/nimbus/cumulus'
INSTALL_DATA='${INSTALL} -m 644'
INSTALL_PROGRAM='${INSTALL}'
INSTALL_SCRIPT='${INSTALL}'
INSTALL_STRIP_PROGRAM='$(install_sh) -c -s'
LDFLAGS=''
LIBOBJS=''
LIBS=''
LTLIBOBJS=''
MAKEINFO='${SHELL} /nimbus/cumulus/conf/missing --run makeinfo'
MKDIR_P='/opt/local/bin/gmkdir -p'
OBJEXT='o'
PACKAGE='-cumulus-'
PACKAGE_BUGREPORT=''
PACKAGE_NAME='"cumulus"'
PACKAGE_STRING='"cumulus" 0.1'
PACKAGE_TARNAME='-cumulus-'
PACKAGE_URL=''
PACKAGE_VERSION='0.1'
PATH_SEPARATOR=':'
PYVERSUB='python2.7'
SET_MAKE=''
SHELL='/bin/sh'
SQLITE='/usr/bin/sqlite3'
STRIP=''
VEDIR='/Users/ismaelcuadradocordero/Desktop/nimbus/ve'
VERSION='0.1'
ac_ct_CC='gcc'
am__EXEEXT_FALSE=''
am__EXEEXT_TRUE='#'
am__fastdepCC_FALSE=''
am__fastdepCC_TRUE='#'
am__include='include'
am__isrc=''
am__leading_dot='.'
am__quote=''
am__tar='${AMTAR} chof - "$$tardir"'
am__untar='${AMTAR} xf -'
bindir='${exec_prefix}/bin'
build_alias=''
datadir='${datarootdir}'
datarootdir='${prefix}/share'
docdir='${datarootdir}/doc/${PACKAGE_TARNAME}'
dvidir='${docdir}'
exec_prefix='${prefix}'
host_alias=''
htmldir='${docdir}'
includedir='${prefix}/include'
infodir='${datarootdir}/info'
install_sh='${SHELL} /nimbus/cumulus/conf/install-sh'
libdir='${exec_prefix}/lib'
libexecdir='${exec_prefix}/libexec'
localedir='${datarootdir}/locale'
localstatedir='${prefix}/var'
mandir='${datarootdir}/man'
mkdir_p='/opt/local/bin/gmkdir -p'
oldincludedir='/usr/include'
pdfdir='${docdir}'
prefix='/Users/ismaelcuadradocordero/Desktop/nimbus/cumulus'
program_transform_name='s,x,x,'
psdir='${docdir}'
sbindir='${exec_prefix}/sbin'
sharedstatedir='${prefix}/com'
sysconfdir='${prefix}/etc'
target_alias=''

## ----------- ##
## confdefs.h. ##
## ----------- ##

/* confdefs.h */
#define PACKAGE_NAME ""cumulus""
#define PACKAGE_TARNAME "-cumulus-"
#define PACKAGE_VERSION "0.1"
#define PACKAGE_STRING ""cumulus" 0.1"
#define PACKAGE_BUGREPORT ""
#define PACKAGE_URL ""
#define PACKAGE "-cumulus-"
#define VERSION "0.1"
#define STDC_HEADERS 1
#define HAVE_SYS_TYPES_H 1
#define HAVE_SYS_STAT_H 1
#define HAVE_STDLIB_H 1
#define HAVE_STRING_H 1
#define HAVE_MEMORY_H 1
#define HAVE_STRINGS_H 1
#define HAVE_INTTYPES_H 1
#define HAVE_STDINT_H 1
#define HAVE_UNISTD_H 1
#define HAVE_OPENSSL_SSL_H 1

configure: exit 0
